<?xml version="1.0" encoding="UTF-8"?>
<testng-results ignored="4" total="7" passed="3" failed="0" skipped="0">
  <reporter-output>
  </reporter-output>
  <suite started-at="2024-02-24T18:28:45 IST" name="Default suite" finished-at="2024-02-24T18:29:22 IST" duration-ms="37882">
    <groups>
    </groups>
    <test started-at="2024-02-24T18:28:45 IST" name="Grid Execution test" finished-at="2024-02-24T18:29:22 IST" duration-ms="37882">
      <class name="com.digisoft.pom.actitime.grid.ChromeTest">
        <test-method is-config="true" signature="conigureReports()[pri:0, instance:com.digisoft.pom.actitime.grid.ChromeTest@55183b20]" started-at="2024-02-24T18:28:44 IST" name="conigureReports" finished-at="2024-02-24T18:28:44 IST" duration-ms="418" status="PASS">
          <reporter-output>
          </reporter-output>
        </test-method> <!-- conigureReports -->
        <test-method signature="formyRegisterTest()[pri:0, instance:com.digisoft.pom.actitime.grid.ChromeTest@55183b20]" started-at="2024-02-24T18:28:45 IST" name="formyRegisterTest" finished-at="2024-02-24T18:28:54 IST" duration-ms="9700" status="PASS">
          <reporter-output>
          </reporter-output>
        </test-method> <!-- formyRegisterTest -->
        <test-method is-config="true" signature="savingReports()[pri:0, instance:com.digisoft.pom.actitime.grid.ChromeTest@55183b20]" started-at="2024-02-24T18:29:22 IST" name="savingReports" finished-at="2024-02-24T18:29:23 IST" duration-ms="644" status="PASS">
          <reporter-output>
          </reporter-output>
        </test-method> <!-- savingReports -->
      </class> <!-- com.digisoft.pom.actitime.grid.ChromeTest -->
      <class name="com.digisoft.pom.actitime.grid.EdgeTest">
        <test-method signature="formyRegisterTest()[pri:0, instance:com.digisoft.pom.actitime.grid.EdgeTest@74f0ea28]" started-at="2024-02-24T18:28:54 IST" name="formyRegisterTest" finished-at="2024-02-24T18:29:07 IST" duration-ms="12565" status="PASS">
          <reporter-output>
          </reporter-output>
        </test-method> <!-- formyRegisterTest -->
      </class> <!-- com.digisoft.pom.actitime.grid.EdgeTest -->
      <class name="com.digisoft.pom.actitime.grid.FireFoxTest">
        <test-method signature="formyRegisterTest()[pri:0, instance:com.digisoft.pom.actitime.grid.FireFoxTest@f6efaab]" started-at="2024-02-24T18:29:07 IST" name="formyRegisterTest" finished-at="2024-02-24T18:29:22 IST" duration-ms="15518" status="PASS">
          <reporter-output>
          </reporter-output>
        </test-method> <!-- formyRegisterTest -->
      </class> <!-- com.digisoft.pom.actitime.grid.FireFoxTest -->
    </test> <!-- Grid Execution test -->
  </suite> <!-- Default suite -->
</testng-results>
