<?xml version="1.0" encoding="UTF-8"?>
<testng-results skipped="0" failed="0" ignored="0" total="1" passed="1">
  <reporter-output>
  </reporter-output>
  <suite name="Default suite" duration-ms="9435" started-at="2024-02-06T11:33:56Z" finished-at="2024-02-06T11:34:06Z">
    <groups>
    </groups>
    <test name="Default test" duration-ms="9435" started-at="2024-02-06T11:33:56Z" finished-at="2024-02-06T11:34:06Z">
      <class name="com.digisoft.selenium.basics.suggestions.GoogleAutoSuggestions">
        <test-method status="PASS" signature="printAutoSuggestoins()[pri:0, instance:com.digisoft.selenium.basics.suggestions.GoogleAutoSuggestions@724af044]" name="printAutoSuggestoins" duration-ms="9404" started-at="2024-02-06T11:33:56Z" finished-at="2024-02-06T11:34:06Z">
          <reporter-output>
          </reporter-output>
        </test-method> <!-- printAutoSuggestoins -->
      </class> <!-- com.digisoft.selenium.basics.suggestions.GoogleAutoSuggestions -->
    </test> <!-- Default test -->
  </suite> <!-- Default suite -->
</testng-results>
