<?xml version="1.0" encoding="UTF-8"?>
<testng-results skipped="0" failed="0" ignored="0" total="1" passed="1">
  <reporter-output>
  </reporter-output>
  <suite name="Default suite" duration-ms="18181" started-at="2024-02-12T13:56:23Z" finished-at="2024-02-12T13:56:42Z">
    <groups>
    </groups>
    <test name="Default test" duration-ms="18181" started-at="2024-02-12T13:56:23Z" finished-at="2024-02-12T13:56:42Z">
      <class name="com.digisoft.selenium.basics.switchto.FramesDemo">
        <test-method status="PASS" signature="dragAndDrop()[pri:0, instance:com.digisoft.selenium.basics.switchto.FramesDemo@57baeedf]" name="dragAndDrop" duration-ms="18133" started-at="2024-02-12T13:56:23Z" finished-at="2024-02-12T13:56:42Z">
          <reporter-output>
          </reporter-output>
        </test-method> <!-- dragAndDrop -->
      </class> <!-- com.digisoft.selenium.basics.switchto.FramesDemo -->
    </test> <!-- Default test -->
  </suite> <!-- Default suite -->
</testng-results>
