<?xml version="1.0" encoding="UTF-8"?>
<testng-results skipped="0" failed="0" ignored="10" total="11" passed="1">
  <reporter-output>
  </reporter-output>
  <suite name="Default suite" duration-ms="23320" started-at="2024-02-18T08:29:01Z" finished-at="2024-02-18T08:29:24Z">
    <groups>
      <group name="production">
        <method signature="LoginTest.loginAsUser()[pri:0, instance:com.digisoft.selenium.basics.tests.LoginTest@3fee9989]" name="loginAsUser" class="com.digisoft.selenium.basics.tests.LoginTest"/>
      </group> <!-- production -->
      <group name="regression">
        <method signature="LoginTest.loginAsUser()[pri:0, instance:com.digisoft.selenium.basics.tests.LoginTest@3fee9989]" name="loginAsUser" class="com.digisoft.selenium.basics.tests.LoginTest"/>
      </group> <!-- regression -->
      <group name="smoke">
        <method signature="LoginTest.loginAsUser()[pri:0, instance:com.digisoft.selenium.basics.tests.LoginTest@3fee9989]" name="loginAsUser" class="com.digisoft.selenium.basics.tests.LoginTest"/>
      </group> <!-- smoke -->
    </groups>
    <test name="Asserts test" duration-ms="23300" started-at="2024-02-18T08:29:01Z" finished-at="2024-02-18T08:29:24Z">
      <class name="com.digisoft.selenium.basics.tests.LoginTest">
        <test-method status="PASS" signature="loginAsUser()[pri:0, instance:com.digisoft.selenium.basics.tests.LoginTest@3fee9989]" name="loginAsUser" duration-ms="23275" started-at="2024-02-18T08:29:01Z" finished-at="2024-02-18T08:29:24Z">
          <reporter-output>
          </reporter-output>
        </test-method> <!-- loginAsUser -->
      </class> <!-- com.digisoft.selenium.basics.tests.LoginTest -->
    </test> <!-- Asserts test -->
    <test name="Actitime test" duration-ms="1" started-at="2024-02-18T08:29:24Z" finished-at="2024-02-18T08:29:24Z">
    </test> <!-- Actitime test -->
  </suite> <!-- Default suite -->
</testng-results>
