<?xml version="1.0" encoding="UTF-8"?>
<testng-results skipped="0" failed="0" ignored="0" total="1" passed="1">
  <reporter-output>
  </reporter-output>
  <suite name="Default suite" duration-ms="9126" started-at="2024-02-13T11:30:57Z" finished-at="2024-02-13T11:31:06Z">
    <groups>
    </groups>
    <test name="Default test" duration-ms="9126" started-at="2024-02-13T11:30:57Z" finished-at="2024-02-13T11:31:06Z">
      <class name="com.digisoft.selenium.basics.popup.FileUploadPopUp">
        <test-method status="PASS" signature="fileUpload()[pri:0, instance:com.digisoft.selenium.basics.popup.FileUploadPopUp@343f4d3d]" name="fileUpload" duration-ms="9054" started-at="2024-02-13T11:30:57Z" finished-at="2024-02-13T11:31:06Z">
          <reporter-output>
          </reporter-output>
        </test-method> <!-- fileUpload -->
      </class> <!-- com.digisoft.selenium.basics.popup.FileUploadPopUp -->
    </test> <!-- Default test -->
  </suite> <!-- Default suite -->
</testng-results>
