<?xml version="1.0" encoding="UTF-8"?>
<!-- Generated by org.testng.reporters.JUnitXMLReporter -->
<testsuite ignored="4" hostname="ARAVINDA-DELL-PERSONAL" failures="0" tests="3" name="Grid Execution test" time="37.882" errors="0" timestamp="2024-02-24T18:29:22 IST">
  <testcase classname="com.digisoft.pom.actitime.grid.ChromeTest" name="formyRegisterTest" time="9.7"/>
  <testcase classname="com.digisoft.pom.actitime.grid.EdgeTest" name="formyRegisterTest" time="12.565"/>
  <testcase classname="com.digisoft.pom.actitime.grid.FireFoxTest" name="formyRegisterTest" time="15.518"/>
  <testcase classname="com.digisoft.pom.actitime.util.WebDriverUtils" name="@BeforeSuite conigureReports" time="0.0">
    <ignored/>
  </testcase> <!-- @BeforeSuite conigureReports -->
  <testcase classname="com.digisoft.pom.actitime.util.WebDriverUtils" name="@BeforeSuite conigureReports" time="0.0">
    <ignored/>
  </testcase> <!-- @BeforeSuite conigureReports -->
  <testcase classname="com.digisoft.pom.actitime.util.WebDriverUtils" name="@AfterSuite savingReports" time="0.0">
    <ignored/>
  </testcase> <!-- @AfterSuite savingReports -->
  <testcase classname="com.digisoft.pom.actitime.util.WebDriverUtils" name="@AfterSuite savingReports" time="0.0">
    <ignored/>
  </testcase> <!-- @AfterSuite savingReports -->
</testsuite> <!-- Grid Execution test -->
