<?xml version="1.0" encoding="UTF-8"?>
<!-- Generated by org.testng.reporters.JUnitXMLReporter -->
<testsuite hostname="ARAVINDA-DELL-PERSONAL" ignored="0" name="Default test" tests="3" failures="0" timestamp="13 Feb 2024 12:23:09 GMT" time="44.058" errors="0">
  <testcase name="createcustomer" time="7.899" classname="com.digisoft.selenium.basics.tests.ATUsingExternalData"/>
  <testcase name="createproject" time="7.751" classname="com.digisoft.selenium.basics.tests.ATUsingExternalData"/>
  <testcase name="deleteCustomer" time="11.104" classname="com.digisoft.selenium.basics.tests.ATUsingExternalData"/>
</testsuite> <!-- Default test -->
